<?xml version="1.0" encoding="UTF-8"?>
<!-- Generated by org.testng.reporters.JUnitReportReporter -->
<testsuite skipped="0" hostname="DESKTOP-Q3OL5F5" name="testCases.TC005_deleteEmployee" tests="1" failures="0" timestamp="22 Dec 2022 16:00:37 GMT" time="1.737" errors="0">
  <testcase name="test_DeleteEmployee" time="1.737" classname="testCases.TC005_deleteEmployee"/>
</testsuite> <!-- testCases.TC005_deleteEmployee -->
