<?xml version="1.0" encoding="UTF-8"?>
<!-- Generated by org.testng.reporters.JUnitReportReporter -->
<testsuite skipped="0" hostname="DESKTOP-Q3OL5F5" name="testCases.TC001_getEmployee" tests="1" failures="0" timestamp="23 Dec 2022 00:03:44 GMT" time="1.144" errors="0">
  <testcase name="test_getEmployee" time="1.144" classname="testCases.TC001_getEmployee"/>
</testsuite> <!-- testCases.TC001_getEmployee -->
