<?xml version="1.0" encoding="UTF-8"?>
<!-- Generated by org.testng.reporters.JUnitReportReporter -->
<testsuite skipped="0" hostname="DESKTOP-Q3OL5F5" name="testCases.TC002_getSingleEmployee" tests="1" failures="0" timestamp="21 Dec 2022 19:21:05 GMT" time="2.019" errors="0">
  <testcase name="test_getSingleEmployee" time="2.019" classname="testCases.TC002_getSingleEmployee"/>
</testsuite> <!-- testCases.TC002_getSingleEmployee -->
