<?xml version="1.0" encoding="UTF-8"?>
<!-- Generated by org.testng.reporters.JUnitReportReporter -->
<testsuite skipped="0" hostname="DESKTOP-Q3OL5F5" name="testCases.TC003_createNewEmployee" tests="1" failures="0" timestamp="23 Dec 2022 00:03:27 GMT" time="1.621" errors="0">
  <testcase name="test_createNewEmployee" time="1.621" classname="testCases.TC003_createNewEmployee"/>
</testsuite> <!-- testCases.TC003_createNewEmployee -->
