<?xml version="1.0" encoding="UTF-8"?>
<!-- Generated by org.testng.reporters.JUnitReportReporter -->
<testsuite skipped="0" hostname="DESKTOP-Q3OL5F5" name="testCases.TC004_updateEmployeeDetails" tests="1" failures="0" timestamp="22 Dec 2022 15:53:55 GMT" time="2.142" errors="0">
  <testcase name="test_updtaeEmplyeeDetails" time="2.142" classname="testCases.TC004_updateEmployeeDetails"/>
</testsuite> <!-- testCases.TC004_updateEmployeeDetails -->
